<?xml version="1.0" encoding="UTF-8"?>
<!-- Generated by org.testng.reporters.JUnitReportReporter -->
<testsuite skipped="0" hostname="DESKTOP-2L34IJJ" name="com.testNg.java.GroupingNg" tests="4" failures="0" timestamp="2021-04-10T19:29:53 IST" time="0.042" errors="0">
  <testcase name="laptop" time="0.024" classname="com.testNg.java.GroupingNg"/>
  <system-out/>
  <testcase name="mobile" time="0.005" classname="com.testNg.java.GroupingNg"/>
  <system-out/>
  <testcase name="electronics" time="0.007" classname="com.testNg.java.GroupingNg"/>
  <system-out/>
  <testcase name="tv" time="0.006" classname="com.testNg.java.GroupingNg"/>
  <system-out/>
</testsuite> <!-- com.testNg.java.GroupingNg -->
