<?xml version="1.0" encoding="UTF-8"?>
<!-- Generated by org.testng.reporters.JUnitReportReporter -->
<testsuite skipped="0" hostname="DESKTOP-2L34IJJ" name="com.testNg.java.ParellelTesting" tests="2" failures="0" timestamp="2021-04-11T20:52:48 IST" time="63.000" errors="0">
  <testcase name="a" time="31.383" classname="com.testNg.java.ParellelTesting"/>
  <system-out/>
  <testcase name="b" time="31.617" classname="com.testNg.java.ParellelTesting"/>
  <system-out/>
</testsuite> <!-- com.testNg.java.ParellelTesting -->
