<?xml version="1.0" encoding="UTF-8"?>
<!-- Generated by org.testng.reporters.JUnitReportReporter -->
<testsuite skipped="0" hostname="DESKTOP-2L34IJJ" name="com.testNg.java.MethodsOfSa" tests="1" failures="0" timestamp="2021-04-09T19:39:46 IST" time="0.016" errors="0">
  <testcase name="mobile1" time="0.016" classname="com.testNg.java.MethodsOfSa"/>
  <system-out/>
</testsuite> <!-- com.testNg.java.MethodsOfSa -->
