<?xml version="1.0" encoding="UTF-8"?>
<!-- Generated by org.testng.reporters.JUnitReportReporter -->
<testsuite skipped="0" hostname="DESKTOP-2L34IJJ" name="com.testNg.java.ParameterizeTest" tests="1" failures="0" timestamp="2021-04-11T20:12:12 IST" time="0.019" errors="0">
  <testcase name="a" time="0.019" classname="com.testNg.java.ParameterizeTest"/>
  <system-out/>
</testsuite> <!-- com.testNg.java.ParameterizeTest -->
