<?xml version="1.0" encoding="UTF-8"?>
<!-- Generated by org.testng.reporters.JUnitReportReporter -->
<testsuite skipped="0" hostname="DESKTOP-2L34IJJ" name="com.testNg.java.DependencyTest" tests="4" failures="0" timestamp="2021-04-09T19:36:31 IST" time="0.066" errors="0">
  <testcase name="mobile" time="0.020" classname="com.testNg.java.DependencyTest"/>
  <system-out/>
  <testcase name="laptop" time="0.015" classname="com.testNg.java.DependencyTest"/>
  <system-out/>
  <testcase name="tv" time="0.016" classname="com.testNg.java.DependencyTest"/>
  <system-out/>
  <testcase name="electronics" time="0.015" classname="com.testNg.java.DependencyTest"/>
  <system-out/>
</testsuite> <!-- com.testNg.java.DependencyTest -->
