<?xml version="1.0" encoding="UTF-8"?>
<!-- Generated by org.testng.reporters.JUnitReportReporter -->
<testsuite skipped="0" hostname="DESKTOP-2L34IJJ" name="com.testNg.java.simpleAnnotations" tests="3" failures="0" timestamp="2021-04-09T16:42:27 IST" time="0.052" errors="0">
  <testcase name="tv" time="0.016" classname="com.testNg.java.simpleAnnotations"/>
  <system-out/>
  <testcase name="mobile" time="0.015" classname="com.testNg.java.simpleAnnotations"/>
  <system-out/>
  <testcase name="laptop" time="0.021" classname="com.testNg.java.simpleAnnotations"/>
  <system-out/>
</testsuite> <!-- com.testNg.java.simpleAnnotations -->
