<?xml version="1.0" encoding="UTF-8"?>
<!-- Generated by org.testng.reporters.JUnitReportReporter -->
<testsuite skipped="1" hostname="DESKTOP-2L34IJJ" name="com.testNg.java.Prioritytestng" tests="4" failures="0" timestamp="2021-04-09T19:11:59 IST" time="0.047" errors="0">
  <testcase name="mobile" time="0.031" classname="com.testNg.java.Prioritytestng"/>
  <system-out/>
  <testcase name="tv" time="0.000" classname="com.testNg.java.Prioritytestng"/>
  <system-out/>
  <testcase name="electronics" time="0.016" classname="com.testNg.java.Prioritytestng"/>
  <system-out/>
  <testcase name="laptop" classname="com.testNg.java.Prioritytestng">
    <skipped/>
  </testcase> <!-- laptop -->
  <system-out/>
</testsuite> <!-- com.testNg.java.Prioritytestng -->
